<?xml version="1.0" encoding="UTF-8"?>
<!-- Generated by org.testng.reporters.JUnitXMLReporter -->
<testsuite ignored="0" hostname="KALPESH" failures="0" tests="9" name="Default test" time="20.175" errors="0" timestamp="2023-03-28T14:42:15 IST">
  <testcase classname="api.test.DataDriven_Tests" name="testPostuser" time="5.476"/>
  <testcase classname="api.test.DataDriven_Tests" name="testPostuser" time="1.114"/>
  <testcase classname="api.test.DataDriven_Tests" name="testPostuser" time="1.052"/>
  <testcase classname="api.test.DataDriven_Tests" name="getuser" time="1.187"/>
  <testcase classname="api.test.DataDriven_Tests" name="getuser" time="2.547"/>
  <testcase classname="api.test.DataDriven_Tests" name="getuser" time="1.061"/>
  <testcase classname="api.test.DataDriven_Tests" name="deleteuser" time="1.055"/>
  <testcase classname="api.test.DataDriven_Tests" name="deleteuser" time="1.07"/>
  <testcase classname="api.test.DataDriven_Tests" name="deleteuser" time="1.315"/>
</testsuite> <!-- Default test -->
