<?xml version="1.0" encoding="UTF-8"?>
<testng-results ignored="0" total="4" passed="4" failed="0" skipped="0">
  <reporter-output>
  </reporter-output>
  <suite started-at="2023-03-30T22:23:06 IST" name="PetSuite" finished-at="2023-03-30T22:23:16 IST" duration-ms="10187">
    <groups>
    </groups>
    <test started-at="2023-03-30T22:23:06 IST" name="PetTest" finished-at="2023-03-30T22:23:16 IST" duration-ms="10187">
      <class name="api.test.UserTests2">
        <test-method is-config="true" signature="setup()[pri:0, instance:api.test.UserTests2@6973b51b]" started-at="2023-03-30T22:23:06 IST" name="setup" finished-at="2023-03-30T22:23:07 IST" duration-ms="1143" status="PASS">
          <reporter-output>
          </reporter-output>
        </test-method> <!-- setup -->
        <test-method signature="testPostUser()[pri:1, instance:api.test.UserTests2@6973b51b]" started-at="2023-03-30T22:23:07 IST" name="testPostUser" finished-at="2023-03-30T22:23:11 IST" duration-ms="4170" status="PASS">
          <reporter-output>
          </reporter-output>
        </test-method> <!-- testPostUser -->
        <test-method signature="testGetUserByName()[pri:2, instance:api.test.UserTests2@6973b51b]" started-at="2023-03-30T22:23:11 IST" name="testGetUserByName" finished-at="2023-03-30T22:23:13 IST" duration-ms="1165" status="PASS">
          <reporter-output>
          </reporter-output>
        </test-method> <!-- testGetUserByName -->
        <test-method signature="testUpdateUserByName()[pri:3, instance:api.test.UserTests2@6973b51b]" started-at="2023-03-30T22:23:13 IST" name="testUpdateUserByName" finished-at="2023-03-30T22:23:15 IST" duration-ms="2223" status="PASS">
          <reporter-output>
          </reporter-output>
        </test-method> <!-- testUpdateUserByName -->
        <test-method signature="testDeleteUserByName()[pri:4, instance:api.test.UserTests2@6973b51b]" started-at="2023-03-30T22:23:15 IST" name="testDeleteUserByName" finished-at="2023-03-30T22:23:16 IST" duration-ms="1049" status="PASS">
          <reporter-output>
          </reporter-output>
        </test-method> <!-- testDeleteUserByName -->
      </class> <!-- api.test.UserTests2 -->
    </test> <!-- PetTest -->
  </suite> <!-- PetSuite -->
</testng-results>
