<?xml version="1.0" encoding="UTF-8"?>
<!-- Generated by org.testng.reporters.JUnitXMLReporter -->
<testsuite ignored="0" hostname="KALPESH" failures="0" tests="4" name="PetTest" time="10.055" errors="0" timestamp="2023-04-02T22:11:23 IST">
  <testcase classname="api.test.UserTests2" name="testPostUser" time="3.946"/>
  <testcase classname="api.test.UserTests2" name="testGetUserByName" time="1.131"/>
  <testcase classname="api.test.UserTests2" name="testUpdateUserByName" time="2.281"/>
  <testcase classname="api.test.UserTests2" name="testDeleteUserByName" time="1.128"/>
</testsuite> <!-- PetTest -->
