<?xml version="1.0" encoding="UTF-8"?>
<!-- Generated by org.testng.reporters.JUnitXMLReporter -->
<testsuite ignored="0" hostname="KALPESH" failures="0" tests="4" name="PetTest" time="10.765" errors="0" timestamp="2023-03-30T17:29:45 IST">
  <testcase classname="api.test.UserTests2" name="testPostUser" time="4.482"/>
  <testcase classname="api.test.UserTests2" name="testGetUserByName" time="1.166"/>
  <testcase classname="api.test.UserTests2" name="testUpdateUserByName" time="2.248"/>
  <testcase classname="api.test.UserTests2" name="testDeleteUserByName" time="1.09"/>
</testsuite> <!-- PetTest -->
