<?xml version="1.0" encoding="UTF-8"?>
<!-- Generated by org.testng.reporters.JUnitReportReporter -->
<testsuite hostname="KALPESH" failures="0" tests="4" name="api.test.UserTests" time="8.127" errors="0" timestamp="2023-03-28T16:47:15 IST" skipped="0">
  <testcase classname="api.test.UserTests" name="testPostUser" time="3.766"/>
  <system-out/>
  <testcase classname="api.test.UserTests" name="testGetUserByName" time="1.122"/>
  <system-out/>
  <testcase classname="api.test.UserTests" name="testUpdateUserByName" time="2.151"/>
  <system-out/>
  <testcase classname="api.test.UserTests" name="testDeleteUserByName" time="1.088"/>
  <system-out/>
</testsuite> <!-- api.test.UserTests -->
