<?xml version="1.0" encoding="UTF-8"?>
<!-- Generated by org.testng.reporters.JUnitReportReporter -->
<testsuite hostname="KALPESH" failures="0" tests="9" name="api.test.DataDriven_Tests" time="15.877" errors="0" timestamp="2023-03-28T14:42:16 IST" skipped="0">
  <testcase classname="api.test.DataDriven_Tests" name="testPostuser" time="1.114"/>
  <system-out/>
  <testcase classname="api.test.DataDriven_Tests" name="testPostuser" time="1.052"/>
  <system-out/>
  <testcase classname="api.test.DataDriven_Tests" name="testPostuser" time="5.476"/>
  <system-out/>
  <testcase classname="api.test.DataDriven_Tests" name="getuser" time="2.547"/>
  <system-out/>
  <testcase classname="api.test.DataDriven_Tests" name="getuser" time="1.061"/>
  <system-out/>
  <testcase classname="api.test.DataDriven_Tests" name="getuser" time="1.187"/>
  <system-out/>
  <testcase classname="api.test.DataDriven_Tests" name="deleteuser" time="1.070"/>
  <system-out/>
  <testcase classname="api.test.DataDriven_Tests" name="deleteuser" time="1.055"/>
  <system-out/>
  <testcase classname="api.test.DataDriven_Tests" name="deleteuser" time="1.315"/>
  <system-out/>
</testsuite> <!-- api.test.DataDriven_Tests -->
