<?xml version="1.0" encoding="UTF-8"?>
<!-- Generated by org.testng.reporters.JUnitXMLReporter -->
<testsuite ignored="0" hostname="KALPESH" failures="0" tests="4" name="PetTest" time="13.131" errors="0" timestamp="2023-03-28T20:27:59 IST">
  <testcase classname="api.test.UserTests2" name="testPostUser" time="6.182"/>
  <testcase classname="api.test.UserTests2" name="testGetUserByName" time="1.112"/>
  <testcase classname="api.test.UserTests2" name="testUpdateUserByName" time="2.197"/>
  <testcase classname="api.test.UserTests2" name="testDeleteUserByName" time="1.054"/>
</testsuite> <!-- PetTest -->
